INFO - logger.py - 2023-11-03 12:40:24,171 - {'optimizer': {'name': 'adam', 'lr': 0.001, 'weight_decay': 0}, 'train': {'epoch': 30, 'batch_size': 256, 'save_model': True, 'log_loss': False, 'test_step': 1, 'reproducible': True, 'seed': 2023, 'early_stop': False}, 'test': {'metrics': ['recall', 'ndcg', 'mrr'], 'k': [5, 10, 20], 'batch_size': 512}, 'data': {'type': 'kg_sequential', 'name': 'amazon-book', 'seq_aug': True, 'dir': './datasets/kg_sequential/amazon-book/', 'user_num': 70679, 'item_num': 24915, 'entity_num': 113487, 'node_num': 184166, 'relation_num': 79, 'triplet_num': 4050792}, 'model': {'name': 'ourcl', 'dropout_rate': 0.1, 'n_layers': 2, 'embedding_size': 64, 'mask_prob': 0.2, 'n_heads': 2, 'max_seq_len': 50, 'lmd': 0.1, 'tau': 1, 'claug': False}, 'tune': {'enable': False}, 'device': 'cuda'}
INFO - logger.py - 2023-11-03 12:42:39,603 - Epoch   0 Test set [recall@5: 0.5714 recall@10: 0.6887 recall@20: 0.8005 ] Test set [ndcg@5: 0.4422 ndcg@10: 0.4802 ndcg@20: 0.5085 ] Test set [mrr@5: 0.3993 mrr@10: 0.4151 mrr@20: 0.4229 ] 
INFO - logger.py - 2023-11-03 12:45:18,242 - Epoch   1 Test set [recall@5: 0.6170 recall@10: 0.7301 recall@20: 0.8315 ] Test set [ndcg@5: 0.4844 ndcg@10: 0.5211 ndcg@20: 0.5468 ] Test set [mrr@5: 0.4404 mrr@10: 0.4555 mrr@20: 0.4626 ] 
INFO - logger.py - 2023-11-03 12:47:56,845 - Epoch   2 Test set [recall@5: 0.6317 recall@10: 0.7415 recall@20: 0.8395 ] Test set [ndcg@5: 0.4998 ndcg@10: 0.5353 ndcg@20: 0.5602 ] Test set [mrr@5: 0.4559 mrr@10: 0.4706 mrr@20: 0.4775 ] 
INFO - logger.py - 2023-11-03 12:50:36,817 - Epoch   3 Test set [recall@5: 0.6362 recall@10: 0.7433 recall@20: 0.8398 ] Test set [ndcg@5: 0.5061 ndcg@10: 0.5408 ndcg@20: 0.5653 ] Test set [mrr@5: 0.4628 mrr@10: 0.4772 mrr@20: 0.4840 ] 
INFO - logger.py - 2023-11-03 12:51:57,634 - Epoch   4 Test set [recall@5: 0.6415 recall@10: 0.7479 recall@20: 0.8420 ] Test set [ndcg@5: 0.5126 ndcg@10: 0.5471 ndcg@20: 0.5709 ] Test set [mrr@5: 0.4698 mrr@10: 0.4840 mrr@20: 0.4906 ] 
INFO - logger.py - 2023-11-03 12:53:21,267 - Epoch   5 Test set [recall@5: 0.6399 recall@10: 0.7462 recall@20: 0.8425 ] Test set [ndcg@5: 0.5106 ndcg@10: 0.5452 ndcg@20: 0.5696 ] Test set [mrr@5: 0.4676 mrr@10: 0.4820 mrr@20: 0.4887 ] 
INFO - logger.py - 2023-11-03 12:54:41,577 - Epoch   6 Test set [recall@5: 0.6424 recall@10: 0.7488 recall@20: 0.8418 ] Test set [ndcg@5: 0.5141 ndcg@10: 0.5486 ndcg@20: 0.5722 ] Test set [mrr@5: 0.4714 mrr@10: 0.4857 mrr@20: 0.4922 ] 
INFO - logger.py - 2023-11-03 12:56:02,897 - Epoch   7 Test set [recall@5: 0.6406 recall@10: 0.7464 recall@20: 0.8399 ] Test set [ndcg@5: 0.5139 ndcg@10: 0.5482 ndcg@20: 0.5718 ] Test set [mrr@5: 0.4717 mrr@10: 0.4859 mrr@20: 0.4924 ] 
INFO - logger.py - 2023-11-03 12:57:25,843 - Epoch   8 Test set [recall@5: 0.6426 recall@10: 0.7474 recall@20: 0.8411 ] Test set [ndcg@5: 0.5147 ndcg@10: 0.5487 ndcg@20: 0.5724 ] Test set [mrr@5: 0.4722 mrr@10: 0.4862 mrr@20: 0.4927 ] 
INFO - logger.py - 2023-11-03 12:58:46,468 - Epoch   9 Test set [recall@5: 0.6330 recall@10: 0.7398 recall@20: 0.8367 ] Test set [ndcg@5: 0.5063 ndcg@10: 0.5409 ndcg@20: 0.5655 ] Test set [mrr@5: 0.4642 mrr@10: 0.4785 mrr@20: 0.4852 ] 
INFO - logger.py - 2023-11-03 13:00:07,439 - Epoch  10 Test set [recall@5: 0.6417 recall@10: 0.7457 recall@20: 0.8410 ] Test set [ndcg@5: 0.5139 ndcg@10: 0.5476 ndcg@20: 0.5717 ] Test set [mrr@5: 0.4714 mrr@10: 0.4853 mrr@20: 0.4919 ] 
INFO - logger.py - 2023-11-03 13:01:29,041 - Epoch  11 Test set [recall@5: 0.6419 recall@10: 0.7473 recall@20: 0.8427 ] Test set [ndcg@5: 0.5155 ndcg@10: 0.5497 ndcg@20: 0.5739 ] Test set [mrr@5: 0.4735 mrr@10: 0.4876 mrr@20: 0.4943 ] 
INFO - logger.py - 2023-11-03 13:02:51,890 - Epoch  12 Test set [recall@5: 0.6376 recall@10: 0.7430 recall@20: 0.8378 ] Test set [ndcg@5: 0.5129 ndcg@10: 0.5470 ndcg@20: 0.5711 ] Test set [mrr@5: 0.4713 mrr@10: 0.4855 mrr@20: 0.4921 ] 
INFO - logger.py - 2023-11-03 13:04:12,575 - Epoch  13 Test set [recall@5: 0.6353 recall@10: 0.7383 recall@20: 0.8354 ] Test set [ndcg@5: 0.5092 ndcg@10: 0.5425 ndcg@20: 0.5672 ] Test set [mrr@5: 0.4672 mrr@10: 0.4810 mrr@20: 0.4878 ] 
INFO - logger.py - 2023-11-03 13:05:35,363 - Epoch  14 Test set [recall@5: 0.6345 recall@10: 0.7387 recall@20: 0.8345 ] Test set [ndcg@5: 0.5107 ndcg@10: 0.5444 ndcg@20: 0.5687 ] Test set [mrr@5: 0.4695 mrr@10: 0.4835 mrr@20: 0.4902 ] 
INFO - logger.py - 2023-11-03 13:06:56,400 - Epoch  15 Test set [recall@5: 0.6343 recall@10: 0.7400 recall@20: 0.8354 ] Test set [ndcg@5: 0.5079 ndcg@10: 0.5422 ndcg@20: 0.5663 ] Test set [mrr@5: 0.4659 mrr@10: 0.4800 mrr@20: 0.4867 ] 
INFO - logger.py - 2023-11-03 13:08:19,013 - Epoch  16 Test set [recall@5: 0.6317 recall@10: 0.7368 recall@20: 0.8325 ] Test set [ndcg@5: 0.5081 ndcg@10: 0.5422 ndcg@20: 0.5664 ] Test set [mrr@5: 0.4670 mrr@10: 0.4811 mrr@20: 0.4878 ] 
INFO - logger.py - 2023-11-03 13:09:40,536 - Epoch  17 Test set [recall@5: 0.6282 recall@10: 0.7348 recall@20: 0.8308 ] Test set [ndcg@5: 0.5035 ndcg@10: 0.5380 ndcg@20: 0.5624 ] Test set [mrr@5: 0.4620 mrr@10: 0.4763 mrr@20: 0.4830 ] 
INFO - logger.py - 2023-11-03 13:11:01,971 - Epoch  18 Test set [recall@5: 0.6317 recall@10: 0.7382 recall@20: 0.8325 ] Test set [ndcg@5: 0.5075 ndcg@10: 0.5420 ndcg@20: 0.5659 ] Test set [mrr@5: 0.4661 mrr@10: 0.4805 mrr@20: 0.4870 ] 
INFO - logger.py - 2023-11-03 13:12:22,642 - Epoch  19 Test set [recall@5: 0.6292 recall@10: 0.7334 recall@20: 0.8293 ] Test set [ndcg@5: 0.5038 ndcg@10: 0.5376 ndcg@20: 0.5619 ] Test set [mrr@5: 0.4622 mrr@10: 0.4761 mrr@20: 0.4828 ] 
INFO - logger.py - 2023-11-03 13:13:44,735 - Epoch  20 Test set [recall@5: 0.6324 recall@10: 0.7372 recall@20: 0.8338 ] Test set [ndcg@5: 0.5066 ndcg@10: 0.5406 ndcg@20: 0.5651 ] Test set [mrr@5: 0.4647 mrr@10: 0.4788 mrr@20: 0.4856 ] 
INFO - logger.py - 2023-11-03 13:15:05,989 - Epoch  21 Test set [recall@5: 0.6271 recall@10: 0.7338 recall@20: 0.8303 ] Test set [ndcg@5: 0.5030 ndcg@10: 0.5375 ndcg@20: 0.5620 ] Test set [mrr@5: 0.4617 mrr@10: 0.4760 mrr@20: 0.4828 ] 
INFO - logger.py - 2023-11-03 13:16:28,066 - Epoch  22 Test set [recall@5: 0.6268 recall@10: 0.7318 recall@20: 0.8279 ] Test set [ndcg@5: 0.5031 ndcg@10: 0.5372 ndcg@20: 0.5615 ] Test set [mrr@5: 0.4620 mrr@10: 0.4761 mrr@20: 0.4828 ] 
INFO - logger.py - 2023-11-03 13:17:48,787 - Epoch  23 Test set [recall@5: 0.6270 recall@10: 0.7335 recall@20: 0.8307 ] Test set [ndcg@5: 0.5027 ndcg@10: 0.5373 ndcg@20: 0.5619 ] Test set [mrr@5: 0.4614 mrr@10: 0.4757 mrr@20: 0.4825 ] 
INFO - logger.py - 2023-11-03 13:19:10,411 - Epoch  24 Test set [recall@5: 0.6301 recall@10: 0.7356 recall@20: 0.8328 ] Test set [ndcg@5: 0.5055 ndcg@10: 0.5396 ndcg@20: 0.5642 ] Test set [mrr@5: 0.4640 mrr@10: 0.4781 mrr@20: 0.4849 ] 
INFO - logger.py - 2023-11-03 13:20:31,490 - Epoch  25 Test set [recall@5: 0.6303 recall@10: 0.7354 recall@20: 0.8318 ] Test set [ndcg@5: 0.5056 ndcg@10: 0.5397 ndcg@20: 0.5641 ] Test set [mrr@5: 0.4641 mrr@10: 0.4782 mrr@20: 0.4850 ] 
INFO - logger.py - 2023-11-03 13:21:53,391 - Epoch  26 Test set [recall@5: 0.6234 recall@10: 0.7278 recall@20: 0.8259 ] Test set [ndcg@5: 0.4992 ndcg@10: 0.5330 ndcg@20: 0.5579 ] Test set [mrr@5: 0.4579 mrr@10: 0.4719 mrr@20: 0.4788 ] 
INFO - logger.py - 2023-11-03 13:23:15,291 - Epoch  27 Test set [recall@5: 0.6276 recall@10: 0.7326 recall@20: 0.8288 ] Test set [ndcg@5: 0.5033 ndcg@10: 0.5374 ndcg@20: 0.5618 ] Test set [mrr@5: 0.4620 mrr@10: 0.4761 mrr@20: 0.4828 ] 
INFO - logger.py - 2023-11-03 13:24:37,794 - Epoch  28 Test set [recall@5: 0.6250 recall@10: 0.7307 recall@20: 0.8263 ] Test set [ndcg@5: 0.5008 ndcg@10: 0.5350 ndcg@20: 0.5593 ] Test set [mrr@5: 0.4595 mrr@10: 0.4737 mrr@20: 0.4803 ] 
INFO - logger.py - 2023-11-03 13:25:58,301 - Epoch  29 Test set [recall@5: 0.6225 recall@10: 0.7280 recall@20: 0.8247 ] Test set [ndcg@5: 0.5003 ndcg@10: 0.5344 ndcg@20: 0.5589 ] Test set [mrr@5: 0.4596 mrr@10: 0.4737 mrr@20: 0.4805 ] 
INFO - logger.py - 2023-11-03 13:26:09,395 - Test set [recall@5: 0.6220 recall@10: 0.7276 recall@20: 0.8248 ] Test set [ndcg@5: 0.5001 ndcg@10: 0.5343 ndcg@20: 0.5590 ] Test set [mrr@5: 0.4596 mrr@10: 0.4737 mrr@20: 0.4806 ] 
INFO - logger.py - 2023-11-03 13:26:09,423 - Save model parameters to ./checkpoint/ourcl/ourcl-1699017969.pth
INFO - logger.py - 2023-11-03 13:26:20,514 - Test set [recall@5: 0.6583 recall@10: 0.7682 recall@20: 0.8535 ] Test set [ndcg@5: 0.5261 ndcg@10: 0.5608 ndcg@20: 0.5873 ] Test set [mrr@5: 0.4818 mrr@10: 0.4967 mrr@20: 0.5082 ] 
