INFO - logger.py - 2023-11-03 03:41:04,404 - {'optimizer': {'name': 'adam', 'lr': 0.001, 'weight_decay': 0}, 'train': {'epoch': 30, 'batch_size': 256, 'save_model': True, 'log_loss': False, 'test_step': 1, 'reproducible': True, 'seed': 2023, 'early_stop': False}, 'test': {'metrics': ['recall', 'ndcg', 'mrr'], 'k': [5, 10, 20], 'batch_size': 512}, 'data': {'type': 'kg_sequential', 'name': 'last-fm', 'seq_aug': True, 'dir': './datasets/kg_sequential/last-fm/', 'user_num': 6087, 'item_num': 48123, 'entity_num': 106389, 'node_num': 112476, 'relation_num': 19, 'triplet_num': 929134}, 'model': {'name': 'ourcl', 'dropout_rate': 0.1, 'n_layers': 2, 'embedding_size': 64, 'mask_prob': 0.2, 'n_heads': 2, 'max_seq_len': 50, 'lmd': 0.1, 'tau': 1, 'claug': False}, 'tune': {'enable': False}, 'device': 'cuda'}
INFO - logger.py - 2023-11-03 03:49:06,527 - Epoch   0 Test set [recall@5: 0.7386 recall@10: 0.8186 recall@20: 0.8875 ] Test set [ndcg@5: 0.6562 ndcg@10: 0.6822 ndcg@20: 0.6996 ] Test set [mrr@5: 0.6288 mrr@10: 0.6395 mrr@20: 0.6443 ] 
INFO - logger.py - 2023-11-03 03:57:16,121 - Epoch   1 Test set [recall@5: 0.7595 recall@10: 0.8321 recall@20: 0.8926 ] Test set [ndcg@5: 0.6788 ndcg@10: 0.7022 ndcg@20: 0.7174 ] Test set [mrr@5: 0.6519 mrr@10: 0.6615 mrr@20: 0.6657 ] 
INFO - logger.py - 2023-11-03 04:05:23,290 - Epoch   2 Test set [recall@5: 0.7710 recall@10: 0.8326 recall@20: 0.8972 ] Test set [ndcg@5: 0.6925 ndcg@10: 0.7125 ndcg@20: 0.7288 ] Test set [mrr@5: 0.6664 mrr@10: 0.6747 mrr@20: 0.6792 ] 
INFO - logger.py - 2023-11-03 04:13:32,143 - Epoch   3 Test set [recall@5: 0.7764 recall@10: 0.8382 recall@20: 0.9037 ] Test set [ndcg@5: 0.6980 ndcg@10: 0.7180 ndcg@20: 0.7347 ] Test set [mrr@5: 0.6717 mrr@10: 0.6801 mrr@20: 0.6847 ] 
INFO - logger.py - 2023-11-03 04:21:29,954 - Epoch   4 Test set [recall@5: 0.7779 recall@10: 0.8433 recall@20: 0.9032 ] Test set [ndcg@5: 0.6998 ndcg@10: 0.7209 ndcg@20: 0.7362 ] Test set [mrr@5: 0.6738 mrr@10: 0.6825 mrr@20: 0.6867 ] 
INFO - logger.py - 2023-11-03 04:29:37,467 - Epoch   5 Test set [recall@5: 0.7873 recall@10: 0.8490 recall@20: 0.9080 ] Test set [ndcg@5: 0.7063 ndcg@10: 0.7262 ndcg@20: 0.7411 ] Test set [mrr@5: 0.6794 mrr@10: 0.6876 mrr@20: 0.6917 ] 
INFO - logger.py - 2023-11-03 04:37:45,667 - Epoch   6 Test set [recall@5: 0.7790 recall@10: 0.8480 recall@20: 0.9073 ] Test set [ndcg@5: 0.7018 ndcg@10: 0.7241 ndcg@20: 0.7392 ] Test set [mrr@5: 0.6761 mrr@10: 0.6854 mrr@20: 0.6895 ] 
INFO - logger.py - 2023-11-03 04:45:39,957 - Epoch   7 Test set [recall@5: 0.7881 recall@10: 0.8538 recall@20: 0.9115 ] Test set [ndcg@5: 0.7112 ndcg@10: 0.7324 ndcg@20: 0.7471 ] Test set [mrr@5: 0.6856 mrr@10: 0.6944 mrr@20: 0.6984 ] 
INFO - logger.py - 2023-11-03 04:53:50,511 - Epoch   8 Test set [recall@5: 0.7922 recall@10: 0.8482 recall@20: 0.9034 ] Test set [ndcg@5: 0.7127 ndcg@10: 0.7308 ndcg@20: 0.7448 ] Test set [mrr@5: 0.6862 mrr@10: 0.6936 mrr@20: 0.6975 ] 
INFO - logger.py - 2023-11-03 05:01:57,635 - Epoch   9 Test set [recall@5: 0.7887 recall@10: 0.8523 recall@20: 0.9078 ] Test set [ndcg@5: 0.7116 ndcg@10: 0.7322 ndcg@20: 0.7463 ] Test set [mrr@5: 0.6860 mrr@10: 0.6945 mrr@20: 0.6984 ] 
INFO - logger.py - 2023-11-03 05:10:07,068 - Epoch  10 Test set [recall@5: 0.7961 recall@10: 0.8609 recall@20: 0.9141 ] Test set [ndcg@5: 0.7185 ndcg@10: 0.7395 ndcg@20: 0.7530 ] Test set [mrr@5: 0.6926 mrr@10: 0.7014 mrr@20: 0.7051 ] 
INFO - logger.py - 2023-11-03 05:18:05,514 - Epoch  11 Test set [recall@5: 0.7940 recall@10: 0.8592 recall@20: 0.9133 ] Test set [ndcg@5: 0.7148 ndcg@10: 0.7360 ndcg@20: 0.7497 ] Test set [mrr@5: 0.6885 mrr@10: 0.6972 mrr@20: 0.7010 ] 
INFO - logger.py - 2023-11-03 05:26:16,248 - Epoch  12 Test set [recall@5: 0.7928 recall@10: 0.8536 recall@20: 0.9110 ] Test set [ndcg@5: 0.7148 ndcg@10: 0.7346 ndcg@20: 0.7491 ] Test set [mrr@5: 0.6887 mrr@10: 0.6970 mrr@20: 0.7010 ] 
INFO - logger.py - 2023-11-03 05:34:28,089 - Epoch  13 Test set [recall@5: 0.7930 recall@10: 0.8605 recall@20: 0.9136 ] Test set [ndcg@5: 0.7145 ndcg@10: 0.7364 ndcg@20: 0.7499 ] Test set [mrr@5: 0.6885 mrr@10: 0.6975 mrr@20: 0.7012 ] 
INFO - logger.py - 2023-11-03 05:42:26,248 - Epoch  14 Test set [recall@5: 0.7974 recall@10: 0.8553 recall@20: 0.9128 ] Test set [ndcg@5: 0.7185 ndcg@10: 0.7373 ndcg@20: 0.7519 ] Test set [mrr@5: 0.6923 mrr@10: 0.7001 mrr@20: 0.7042 ] 
INFO - logger.py - 2023-11-03 05:50:34,809 - Epoch  15 Test set [recall@5: 0.7969 recall@10: 0.8567 recall@20: 0.9129 ] Test set [ndcg@5: 0.7186 ndcg@10: 0.7380 ndcg@20: 0.7522 ] Test set [mrr@5: 0.6924 mrr@10: 0.7004 mrr@20: 0.7044 ] 
INFO - logger.py - 2023-11-03 05:58:43,076 - Epoch  16 Test set [recall@5: 0.7927 recall@10: 0.8536 recall@20: 0.9111 ] Test set [ndcg@5: 0.7154 ndcg@10: 0.7353 ndcg@20: 0.7500 ] Test set [mrr@5: 0.6897 mrr@10: 0.6980 mrr@20: 0.7021 ] 
INFO - logger.py - 2023-11-03 06:06:54,992 - Epoch  17 Test set [recall@5: 0.7919 recall@10: 0.8587 recall@20: 0.9146 ] Test set [ndcg@5: 0.7151 ndcg@10: 0.7368 ndcg@20: 0.7510 ] Test set [mrr@5: 0.6895 mrr@10: 0.6985 mrr@20: 0.7024 ] 
INFO - logger.py - 2023-11-03 06:14:52,582 - Epoch  18 Test set [recall@5: 0.7950 recall@10: 0.8604 recall@20: 0.9147 ] Test set [ndcg@5: 0.7191 ndcg@10: 0.7402 ndcg@20: 0.7540 ] Test set [mrr@5: 0.6939 mrr@10: 0.7025 mrr@20: 0.7063 ] 
INFO - logger.py - 2023-11-03 06:23:05,158 - Epoch  19 Test set [recall@5: 0.7958 recall@10: 0.8595 recall@20: 0.9154 ] Test set [ndcg@5: 0.7184 ndcg@10: 0.7392 ndcg@20: 0.7533 ] Test set [mrr@5: 0.6926 mrr@10: 0.7012 mrr@20: 0.7051 ] 
INFO - logger.py - 2023-11-03 06:31:14,706 - Epoch  20 Test set [recall@5: 0.7920 recall@10: 0.8543 recall@20: 0.9151 ] Test set [ndcg@5: 0.7161 ndcg@10: 0.7363 ndcg@20: 0.7517 ] Test set [mrr@5: 0.6908 mrr@10: 0.6992 mrr@20: 0.7034 ] 
INFO - logger.py - 2023-11-03 06:39:14,158 - Epoch  21 Test set [recall@5: 0.7943 recall@10: 0.8549 recall@20: 0.9128 ] Test set [ndcg@5: 0.7159 ndcg@10: 0.7356 ndcg@20: 0.7502 ] Test set [mrr@5: 0.6898 mrr@10: 0.6979 mrr@20: 0.7020 ] 
INFO - logger.py - 2023-11-03 06:47:21,053 - Epoch  22 Test set [recall@5: 0.7981 recall@10: 0.8577 recall@20: 0.9128 ] Test set [ndcg@5: 0.7211 ndcg@10: 0.7405 ndcg@20: 0.7545 ] Test set [mrr@5: 0.6956 mrr@10: 0.7036 mrr@20: 0.7075 ] 
INFO - logger.py - 2023-11-03 06:55:29,636 - Epoch  23 Test set [recall@5: 0.7973 recall@10: 0.8587 recall@20: 0.9136 ] Test set [ndcg@5: 0.7222 ndcg@10: 0.7421 ndcg@20: 0.7560 ] Test set [mrr@5: 0.6972 mrr@10: 0.7054 mrr@20: 0.7093 ] 
INFO - logger.py - 2023-11-03 07:03:37,390 - Epoch  24 Test set [recall@5: 0.7978 recall@10: 0.8595 recall@20: 0.9147 ] Test set [ndcg@5: 0.7187 ndcg@10: 0.7387 ndcg@20: 0.7528 ] Test set [mrr@5: 0.6924 mrr@10: 0.7007 mrr@20: 0.7046 ] 
INFO - logger.py - 2023-11-03 07:11:34,519 - Epoch  25 Test set [recall@5: 0.7973 recall@10: 0.8590 recall@20: 0.9146 ] Test set [ndcg@5: 0.7206 ndcg@10: 0.7406 ndcg@20: 0.7547 ] Test set [mrr@5: 0.6951 mrr@10: 0.7034 mrr@20: 0.7072 ] 
INFO - logger.py - 2023-11-03 07:19:42,704 - Epoch  26 Test set [recall@5: 0.7920 recall@10: 0.8590 recall@20: 0.9141 ] Test set [ndcg@5: 0.7175 ndcg@10: 0.7393 ndcg@20: 0.7533 ] Test set [mrr@5: 0.6926 mrr@10: 0.7018 mrr@20: 0.7056 ] 
INFO - logger.py - 2023-11-03 07:27:50,933 - Epoch  27 Test set [recall@5: 0.7912 recall@10: 0.8561 recall@20: 0.9138 ] Test set [ndcg@5: 0.7154 ndcg@10: 0.7364 ndcg@20: 0.7509 ] Test set [mrr@5: 0.6901 mrr@10: 0.6988 mrr@20: 0.7028 ] 
INFO - logger.py - 2023-11-03 07:35:49,471 - Epoch  28 Test set [recall@5: 0.7946 recall@10: 0.8602 recall@20: 0.9123 ] Test set [ndcg@5: 0.7170 ndcg@10: 0.7384 ndcg@20: 0.7516 ] Test set [mrr@5: 0.6912 mrr@10: 0.7001 mrr@20: 0.7038 ] 
INFO - logger.py - 2023-11-03 07:43:57,572 - Epoch  29 Test set [recall@5: 0.7971 recall@10: 0.8590 recall@20: 0.9156 ] Test set [ndcg@5: 0.7197 ndcg@10: 0.7397 ndcg@20: 0.7540 ] Test set [mrr@5: 0.6939 mrr@10: 0.7022 mrr@20: 0.7061 ] 
INFO - logger.py - 2023-11-03 07:43:59,098 - Test set [recall@5: 0.7994 recall@10: 0.8582 recall@20: 0.9118 ] Test set [ndcg@5: 0.7227 ndcg@10: 0.7419 ndcg@20: 0.7555 ] Test set [mrr@5: 0.6972 mrr@10: 0.7051 mrr@20: 0.7089 ] 
INFO - logger.py - 2023-11-03 07:43:59,145 - Save model parameters to ./checkpoint/ourcl/ourcl-1698997439.pth
INFO - logger.py - 2023-11-03 07:44:00,669 - Test set [recall@5: 0.8117 recall@10: 0.8712 recall@20: 0.9301 ] Test set [ndcg@5: 0.7328 ndcg@10: 0.7522 ndcg@20: 0.7655 ] Test set [mrr@5: 0.7066 mrr@10: 0.7146 mrr@20: 0.7183 ] 
