INFO - logger.py - 2023-10-31 09:34:01,040 - {'optimizer': {'name': 'adam', 'lr': 0.001, 'weight_decay': 0}, 'train': {'epoch': 30, 'batch_size': 256, 'save_model': True, 'log_loss': False, 'test_step': 1, 'reproducible': True, 'seed': 2023, 'early_stop': False}, 'test': {'metrics': ['recall', 'ndcg', 'mrr'], 'k': [5, 10, 20], 'batch_size': 512}, 'data': {'type': 'kg_sequential', 'name': 'ml-100k', 'seq_aug': True, 'dir': './datasets/kg_sequential/ml-100k/', 'user_num': 938, 'item_num': 1597, 'entity_num': 34629, 'node_num': 35567, 'relation_num': 51, 'triplet_num': 183262}, 'model': {'name': 'ourcl', 'dropout_rate': 0.1, 'n_layers': 2, 'embedding_size': 64, 'mask_prob': 0.2, 'n_heads': 2, 'max_seq_len': 50, 'lmd': 0.1, 'tau': 1}, 'tune': {'enable': False}, 'device': 'cuda'}
INFO - logger.py - 2023-10-31 09:34:58,150 - Epoch   0 Test set [recall@5: 0.3081 recall@10: 0.4819 recall@20: 0.6748 ] Test set [ndcg@5: 0.2120 ndcg@10: 0.2676 ndcg@20: 0.3163 ] Test set [mrr@5: 0.1804 mrr@10: 0.2030 mrr@20: 0.2163 ] 
INFO - logger.py - 2023-10-31 09:35:45,779 - Epoch   1 Test set [recall@5: 0.3774 recall@10: 0.5576 recall@20: 0.7409 ] Test set [ndcg@5: 0.2571 ndcg@10: 0.3156 ndcg@20: 0.3620 ] Test set [mrr@5: 0.2176 mrr@10: 0.2419 mrr@20: 0.2547 ] 
INFO - logger.py - 2023-10-31 09:36:31,883 - Epoch   2 Test set [recall@5: 0.4200 recall@10: 0.6023 recall@20: 0.7793 ] Test set [ndcg@5: 0.2845 ndcg@10: 0.3435 ndcg@20: 0.3882 ] Test set [mrr@5: 0.2399 mrr@10: 0.2644 mrr@20: 0.2766 ] 
INFO - logger.py - 2023-10-31 09:37:17,051 - Epoch   3 Test set [recall@5: 0.4414 recall@10: 0.6183 recall@20: 0.7932 ] Test set [ndcg@5: 0.3108 ndcg@10: 0.3681 ndcg@20: 0.4121 ] Test set [mrr@5: 0.2678 mrr@10: 0.2915 mrr@20: 0.3034 ] 
INFO - logger.py - 2023-10-31 09:38:03,212 - Epoch   4 Test set [recall@5: 0.4467 recall@10: 0.6322 recall@20: 0.7996 ] Test set [ndcg@5: 0.3088 ndcg@10: 0.3694 ndcg@20: 0.4117 ] Test set [mrr@5: 0.2633 mrr@10: 0.2887 mrr@20: 0.3002 ] 
INFO - logger.py - 2023-10-31 09:38:48,441 - Epoch   5 Test set [recall@5: 0.4851 recall@10: 0.6706 recall@20: 0.8252 ] Test set [ndcg@5: 0.3349 ndcg@10: 0.3943 ndcg@20: 0.4336 ] Test set [mrr@5: 0.2854 mrr@10: 0.3096 mrr@20: 0.3205 ] 
INFO - logger.py - 2023-10-31 09:39:33,464 - Epoch   6 Test set [recall@5: 0.4797 recall@10: 0.6567 recall@20: 0.8166 ] Test set [ndcg@5: 0.3279 ndcg@10: 0.3855 ndcg@20: 0.4262 ] Test set [mrr@5: 0.2778 mrr@10: 0.3018 mrr@20: 0.3131 ] 
INFO - logger.py - 2023-10-31 09:40:15,124 - Epoch   7 Test set [recall@5: 0.4989 recall@10: 0.6546 recall@20: 0.8294 ] Test set [ndcg@5: 0.3530 ndcg@10: 0.4039 ndcg@20: 0.4486 ] Test set [mrr@5: 0.3050 mrr@10: 0.3263 mrr@20: 0.3388 ] 
INFO - logger.py - 2023-10-31 09:40:57,920 - Epoch   8 Test set [recall@5: 0.4957 recall@10: 0.6652 recall@20: 0.8369 ] Test set [ndcg@5: 0.3444 ndcg@10: 0.3995 ndcg@20: 0.4429 ] Test set [mrr@5: 0.2947 mrr@10: 0.3175 mrr@20: 0.3295 ] 
INFO - logger.py - 2023-10-31 09:41:43,230 - Epoch   9 Test set [recall@5: 0.4840 recall@10: 0.6812 recall@20: 0.8369 ] Test set [ndcg@5: 0.3427 ndcg@10: 0.4061 ndcg@20: 0.4456 ] Test set [mrr@5: 0.2964 mrr@10: 0.3223 mrr@20: 0.3332 ] 
INFO - logger.py - 2023-10-31 09:42:28,258 - Epoch  10 Test set [recall@5: 0.4957 recall@10: 0.6791 recall@20: 0.8454 ] Test set [ndcg@5: 0.3477 ndcg@10: 0.4071 ndcg@20: 0.4493 ] Test set [mrr@5: 0.2990 mrr@10: 0.3235 mrr@20: 0.3352 ] 
INFO - logger.py - 2023-10-31 09:43:14,560 - Epoch  11 Test set [recall@5: 0.4925 recall@10: 0.6866 recall@20: 0.8465 ] Test set [ndcg@5: 0.3487 ndcg@10: 0.4110 ndcg@20: 0.4513 ] Test set [mrr@5: 0.3013 mrr@10: 0.3267 mrr@20: 0.3377 ] 
INFO - logger.py - 2023-10-31 09:43:59,365 - Epoch  12 Test set [recall@5: 0.5064 recall@10: 0.6876 recall@20: 0.8326 ] Test set [ndcg@5: 0.3534 ndcg@10: 0.4119 ndcg@20: 0.4492 ] Test set [mrr@5: 0.3032 mrr@10: 0.3272 mrr@20: 0.3378 ] 
INFO - logger.py - 2023-10-31 09:44:46,323 - Epoch  13 Test set [recall@5: 0.4872 recall@10: 0.6684 recall@20: 0.8401 ] Test set [ndcg@5: 0.3479 ndcg@10: 0.4068 ndcg@20: 0.4506 ] Test set [mrr@5: 0.3020 mrr@10: 0.3265 mrr@20: 0.3387 ] 
INFO - logger.py - 2023-10-31 09:45:32,222 - Epoch  14 Test set [recall@5: 0.4979 recall@10: 0.6844 recall@20: 0.8443 ] Test set [ndcg@5: 0.3574 ndcg@10: 0.4175 ndcg@20: 0.4585 ] Test set [mrr@5: 0.3110 mrr@10: 0.3357 mrr@20: 0.3473 ] 
INFO - logger.py - 2023-10-31 09:46:18,310 - Epoch  15 Test set [recall@5: 0.4851 recall@10: 0.6898 recall@20: 0.8518 ] Test set [ndcg@5: 0.3605 ndcg@10: 0.4267 ndcg@20: 0.4680 ] Test set [mrr@5: 0.3194 mrr@10: 0.3467 mrr@20: 0.3582 ] 
INFO - logger.py - 2023-10-31 09:47:04,325 - Epoch  16 Test set [recall@5: 0.4989 recall@10: 0.6738 recall@20: 0.8475 ] Test set [ndcg@5: 0.3542 ndcg@10: 0.4109 ndcg@20: 0.4550 ] Test set [mrr@5: 0.3066 mrr@10: 0.3301 mrr@20: 0.3423 ] 
INFO - logger.py - 2023-10-31 09:47:48,921 - Epoch  17 Test set [recall@5: 0.5203 recall@10: 0.6834 recall@20: 0.8454 ] Test set [ndcg@5: 0.3735 ndcg@10: 0.4263 ndcg@20: 0.4675 ] Test set [mrr@5: 0.3252 mrr@10: 0.3471 mrr@20: 0.3585 ] 
INFO - logger.py - 2023-10-31 09:48:33,804 - Epoch  18 Test set [recall@5: 0.4979 recall@10: 0.6684 recall@20: 0.8230 ] Test set [ndcg@5: 0.3518 ndcg@10: 0.4073 ndcg@20: 0.4467 ] Test set [mrr@5: 0.3036 mrr@10: 0.3267 mrr@20: 0.3377 ] 
INFO - logger.py - 2023-10-31 09:49:15,358 - Epoch  19 Test set [recall@5: 0.5128 recall@10: 0.6919 recall@20: 0.8412 ] Test set [ndcg@5: 0.3616 ndcg@10: 0.4193 ndcg@20: 0.4571 ] Test set [mrr@5: 0.3117 mrr@10: 0.3354 mrr@20: 0.3458 ] 
INFO - logger.py - 2023-10-31 09:49:56,843 - Epoch  20 Test set [recall@5: 0.5139 recall@10: 0.6727 recall@20: 0.8326 ] Test set [ndcg@5: 0.3591 ndcg@10: 0.4098 ndcg@20: 0.4505 ] Test set [mrr@5: 0.3081 mrr@10: 0.3286 mrr@20: 0.3399 ] 
INFO - logger.py - 2023-10-31 09:50:43,323 - Epoch  21 Test set [recall@5: 0.5107 recall@10: 0.6674 recall@20: 0.8326 ] Test set [ndcg@5: 0.3666 ndcg@10: 0.4171 ndcg@20: 0.4592 ] Test set [mrr@5: 0.3193 mrr@10: 0.3400 mrr@20: 0.3517 ] 
INFO - logger.py - 2023-10-31 09:51:29,299 - Epoch  22 Test set [recall@5: 0.5096 recall@10: 0.6791 recall@20: 0.8401 ] Test set [ndcg@5: 0.3606 ndcg@10: 0.4155 ndcg@20: 0.4563 ] Test set [mrr@5: 0.3116 mrr@10: 0.3343 mrr@20: 0.3455 ] 
INFO - logger.py - 2023-10-31 09:52:13,962 - Epoch  23 Test set [recall@5: 0.5085 recall@10: 0.6738 recall@20: 0.8433 ] Test set [ndcg@5: 0.3590 ndcg@10: 0.4126 ndcg@20: 0.4557 ] Test set [mrr@5: 0.3097 mrr@10: 0.3319 mrr@20: 0.3439 ] 
INFO - logger.py - 2023-10-31 09:52:59,214 - Epoch  24 Test set [recall@5: 0.5085 recall@10: 0.6780 recall@20: 0.8454 ] Test set [ndcg@5: 0.3602 ndcg@10: 0.4147 ndcg@20: 0.4569 ] Test set [mrr@5: 0.3114 mrr@10: 0.3337 mrr@20: 0.3452 ] 
INFO - logger.py - 2023-10-31 09:53:43,333 - Epoch  25 Test set [recall@5: 0.5235 recall@10: 0.6855 recall@20: 0.8433 ] Test set [ndcg@5: 0.3787 ndcg@10: 0.4310 ndcg@20: 0.4708 ] Test set [mrr@5: 0.3311 mrr@10: 0.3526 mrr@20: 0.3634 ] 
INFO - logger.py - 2023-10-31 09:54:28,122 - Epoch  26 Test set [recall@5: 0.5203 recall@10: 0.6866 recall@20: 0.8475 ] Test set [ndcg@5: 0.3751 ndcg@10: 0.4283 ndcg@20: 0.4690 ] Test set [mrr@5: 0.3272 mrr@10: 0.3488 mrr@20: 0.3600 ] 
INFO - logger.py - 2023-10-31 09:55:13,524 - Epoch  27 Test set [recall@5: 0.5224 recall@10: 0.7036 recall@20: 0.8497 ] Test set [ndcg@5: 0.3709 ndcg@10: 0.4299 ndcg@20: 0.4670 ] Test set [mrr@5: 0.3212 mrr@10: 0.3458 mrr@20: 0.3560 ] 
INFO - logger.py - 2023-10-31 09:55:59,452 - Epoch  28 Test set [recall@5: 0.4979 recall@10: 0.6716 recall@20: 0.8401 ] Test set [ndcg@5: 0.3608 ndcg@10: 0.4171 ndcg@20: 0.4602 ] Test set [mrr@5: 0.3154 mrr@10: 0.3387 mrr@20: 0.3508 ] 
INFO - logger.py - 2023-10-31 09:56:44,807 - Epoch  29 Test set [recall@5: 0.5117 recall@10: 0.6855 recall@20: 0.8443 ] Test set [ndcg@5: 0.3667 ndcg@10: 0.4234 ndcg@20: 0.4636 ] Test set [mrr@5: 0.3190 mrr@10: 0.3426 mrr@20: 0.3537 ] 
INFO - logger.py - 2023-10-31 09:56:49,801 - Test set [recall@5: 0.5117 recall@10: 0.6844 recall@20: 0.8358 ] Test set [ndcg@5: 0.3641 ndcg@10: 0.4199 ndcg@20: 0.4585 ] Test set [mrr@5: 0.3155 mrr@10: 0.3385 mrr@20: 0.3493 ] 
INFO - logger.py - 2023-10-31 09:56:49,822 - Save model parameters to ./checkpoint/ourcl/ourcl-1698746209.pth
INFO - logger.py - 2023-10-31 09:57:03,451 - Test set [recall@5: 0.5352 recall@10: 0.7073 recall@20: 0.8583 ] Test set [ndcg@5: 0.3777 ndcg@10: 0.4352 ndcg@20: 0.4711 ] Test set [mrr@5: 0.3310 mrr@10: 0.3542 mrr@20: 0.3620 ] 
